<?xml version="1.0" encoding="UTF-8"?>
<!-- Generated by org.testng.reporters.JUnitReportReporter -->
<testsuite hostname="L-156271599" failures="0" tests="1" name="TestCases.TC01" time="6.353" errors="0" timestamp="2021-02-03T17:07:00 IST" skipped="0">
  <testcase classname="TestCases.TC01" name="register" time="6.353"/>
  <system-out/>
</testsuite> <!-- TestCases.TC01 -->
