<?xml version="1.0" encoding="UTF-8"?>
<!-- Generated by org.testng.reporters.JUnitReportReporter -->
<testsuite hostname="L-156271599" failures="0" tests="1" name="TestCases.TC02" time="15.009" errors="0" timestamp="2021-02-03T16:57:41 IST" skipped="0">
  <testcase classname="TestCases.TC02" name="login" time="15.009"/>
  <system-out/>
</testsuite> <!-- TestCases.TC02 -->
